<?xml version="1.0" encoding="UTF-8"?>
<!-- Generated by org.testng.reporters.JUnitReportReporter -->
<testsuite hostname="DESKTOP-GQ9J60K" failures="0" tests="1" name="Android.APP.AppTest" time="3.403" errors="0" timestamp="2024-05-27T01:26:37 EEST" skipped="0">
  <testcase classname="Android.APP.AppTest" name="testApp" time="3.403"/>
</testsuite> <!-- Android.APP.AppTest -->
