<?xml version="1.0" encoding="UTF-8"?>
<!-- Generated by org.testng.reporters.JUnitReportReporter -->
<testsuite hostname="DESKTOP-GQ9J60K" failures="0" tests="1" name="Android.APP.tests.MultiplicationTest" time="3.719" errors="0" timestamp="2024-05-27T16:07:37 EEST" skipped="0">
  <testcase classname="Android.APP.tests.MultiplicationTest" name="testSubtraction" time="3.719"/>
</testsuite> <!-- Android.APP.tests.MultiplicationTest -->
