<?xml version="1.0" encoding="UTF-8"?>
<!-- Generated by org.testng.reporters.JUnitReportReporter -->
<testsuite hostname="DESKTOP-GQ9J60K" failures="0" tests="1" name="Android.APP.tests.PercentageTest" time="3.901" errors="0" timestamp="2024-05-27T20:55:08 EEST" skipped="0">
  <testcase classname="Android.APP.tests.PercentageTest" name="testPercentage" time="3.901"/>
</testsuite> <!-- Android.APP.tests.PercentageTest -->
