<?xml version="1.0" encoding="UTF-8"?>
<!-- Generated by org.testng.reporters.JUnitReportReporter -->
<testsuite hostname="DESKTOP-GQ9J60K" failures="0" tests="1" name="Android.APP.tests.AdditionTest" time="3.200" errors="0" timestamp="2024-05-27T20:55:08 EEST" skipped="0">
  <testcase classname="Android.APP.tests.AdditionTest" name="testAddition" time="3.200"/>
</testsuite> <!-- Android.APP.tests.AdditionTest -->
