<?xml version="1.0" encoding="UTF-8"?>
<!-- Generated by org.testng.reporters.JUnitReportReporter -->
<testsuite hostname="DESKTOP-GQ9J60K" failures="0" tests="1" name="Android.APP.tests.PercentageTest" time="4.026" errors="0" timestamp="2024-05-27T16:18:22 EEST" skipped="0">
  <testcase classname="Android.APP.tests.PercentageTest" name="testPercentage" time="4.026"/>
</testsuite> <!-- Android.APP.tests.PercentageTest -->
