<?xml version="1.0" encoding="UTF-8"?>
<!-- Generated by org.testng.reporters.JUnitReportReporter -->
<testsuite hostname="DESKTOP-GQ9J60K" failures="0" tests="1" name="Android.APP.tests.DivisionTest" time="3.175" errors="0" timestamp="2024-05-27T16:10:41 EEST" skipped="0">
  <testcase classname="Android.APP.tests.DivisionTest" name="testDivision" time="3.175"/>
</testsuite> <!-- Android.APP.tests.DivisionTest -->
