<?xml version="1.0" encoding="UTF-8"?>
<!-- Generated by org.testng.reporters.JUnitReportReporter -->
<testsuite hostname="DESKTOP-GQ9J60K" failures="0" tests="1" name="Android.APP.tests.SubtractionTest" time="2.938" errors="0" timestamp="2024-05-27T16:05:12 EEST" skipped="0">
  <testcase classname="Android.APP.tests.SubtractionTest" name="testSubtraction" time="2.938"/>
</testsuite> <!-- Android.APP.tests.SubtractionTest -->
